# JRE version: OpenJDK Runtime Environment (8.0_242-b01) (build 1.8.0_242-release-1644-b01)
# Java VM: OpenJDK 64-Bit Server VM (25.242-b01 mixed mode windows-amd64 compressed oops)
Heap:
 PSYoungGen      total 464384K, used 280589K [0x00000000e0000000, 0x00000000ffc80000, 0x0000000100000000)
  eden space 412160K, 64% used [0x00000000e0000000,0x00000000f03b3fc0,0x00000000f9280000)
  from space 52224K, 28% used [0x00000000fc980000,0x00000000fd7cf730,0x00000000ffc80000)
  to   space 54272K, 0% used [0x00000000f9280000,0x00000000f9280000,0x00000000fc780000)
 ParOldGen       total 207872K, used 171378K [0x00000000a0000000, 0x00000000acb00000, 0x00000000e0000000)
  object space 207872K, 82% used [0x00000000a0000000,0x00000000aa75c950,0x00000000acb00000)
 Metaspace       used 92464K, capacity 97730K, committed 97816K, reserved 1134592K
  class space    used 12310K, capacity 13302K, committed 13360K, reserved 1048576K
GC Heap History (10 events):
Event: 52.269 GC heap before
{Heap before GC invocations=25 (full 3):
 PSYoungGen      total 397312K, used 388565K [0x00000000e0000000, 0x0000000100000000, 0x0000000100000000)
  eden space 349184K, 100% used [0x00000000e0000000,0x00000000f5500000,0x00000000f5500000)
  from space 48128K, 81% used [0x00000000f5500000,0x00000000f7b75620,0x00000000f8400000)
  to   space 51712K, 0% used [0x00000000fcd80000,0x00000000fcd80000,0x0000000100000000)
 ParOldGen       total 207872K, used 122029K [0x00000000a0000000, 0x00000000acb00000, 0x00000000e0000000)
  object space 207872K, 58% used [0x00000000a0000000,0x00000000a772b6b8,0x00000000acb00000)
 Metaspace       used 86791K, capacity 91792K, committed 91928K, reserved 1128448K
  class space    used 11524K, capacity 12529K, committed 12592K, reserved 1048576K
Event: 52.293 GC heap after
Heap after GC invocations=25 (full 3):
 PSYoungGen      total 473088K, used 29094K [0x00000000e0000000, 0x0000000100000000, 0x0000000100000000)
  eden space 421376K, 0% used [0x00000000e0000000,0x00000000e0000000,0x00000000f9b80000)
  from space 51712K, 56% used [0x00000000fcd80000,0x00000000fe9e98e8,0x0000000100000000)
  to   space 51200K, 0% used [0x00000000f9b80000,0x00000000f9b80000,0x00000000fcd80000)
 ParOldGen       total 207872K, used 130866K [0x00000000a0000000, 0x00000000acb00000, 0x00000000e0000000)
  object space 207872K, 62% used [0x00000000a0000000,0x00000000a7fcc9a8,0x00000000acb00000)
 Metaspace       used 86791K, capacity 91792K, committed 91928K, reserved 1128448K
  class space    used 11524K, capacity 12529K, committed 12592K, reserved 1048576K
}
Event: 52.749 GC heap before
{Heap before GC invocations=26 (full 3):
 PSYoungGen      total 473088K, used 450470K [0x00000000e0000000, 0x0000000100000000, 0x0000000100000000)
  eden space 421376K, 100% used [0x00000000e0000000,0x00000000f9b80000,0x00000000f9b80000)
  from space 51712K, 56% used [0x00000000fcd80000,0x00000000fe9e98e8,0x0000000100000000)
  to   space 51200K, 0% used [0x00000000f9b80000,0x00000000f9b80000,0x00000000fcd80000)
 ParOldGen       total 207872K, used 130866K [0x00000000a0000000, 0x00000000acb00000, 0x00000000e0000000)
  object space 207872K, 62% used [0x00000000a0000000,0x00000000a7fcc9a8,0x00000000acb00000)
 Metaspace       used 86953K, capacity 91940K, committed 92184K, reserved 1128448K
  class space    used 11524K, capacity 12529K, committed 12592K, reserved 1048576K
Event: 52.773 GC heap after
Heap after GC invocations=26 (full 3):
 PSYoungGen      total 469504K, used 47908K [0x00000000e0000000, 0x0000000100000000, 0x0000000100000000)
  eden space 421376K, 0% used [0x00000000e0000000,0x00000000e0000000,0x00000000f9b80000)
  from space 48128K, 99% used [0x00000000f9b80000,0x00000000fca49228,0x00000000fca80000)
  to   space 54784K, 0% used [0x00000000fca80000,0x00000000fca80000,0x0000000100000000)
 ParOldGen       total 207872K, used 143318K [0x00000000a0000000, 0x00000000acb00000, 0x00000000e0000000)
  object space 207872K, 68% used [0x00000000a0000000,0x00000000a8bf5970,0x00000000acb00000)
 Metaspace       used 86953K, capacity 91940K, committed 92184K, reserved 1128448K
  class space    used 11524K, capacity 12529K, committed 12592K, reserved 1048576K
}
Event: 53.364 GC heap before
{Heap before GC invocations=27 (full 3):
 PSYoungGen      total 469504K, used 469284K [0x00000000e0000000, 0x0000000100000000, 0x0000000100000000)
  eden space 421376K, 100% used [0x00000000e0000000,0x00000000f9b80000,0x00000000f9b80000)
  from space 48128K, 99% used [0x00000000f9b80000,0x00000000fca49228,0x00000000fca80000)
  to   space 54784K, 0% used [0x00000000fca80000,0x00000000fca80000,0x0000000100000000)
 ParOldGen       total 207872K, used 143318K [0x00000000a0000000, 0x00000000acb00000, 0x00000000e0000000)
  object space 207872K, 68% used [0x00000000a0000000,0x00000000a8bf59c0,0x00000000acb00000)
 Metaspace       used 87134K, capacity 92236K, committed 92440K, reserved 1128448K
  class space    used 11540K, capacity 12547K, committed 12592K, reserved 1048576K
Event: 53.379 GC heap after
Heap after GC invocations=27 (full 3):
 PSYoungGen      total 466432K, used 15481K [0x00000000e0000000, 0x0000000100000000, 0x0000000100000000)
  eden space 411648K, 0% used [0x00000000e0000000,0x00000000e0000000,0x00000000f9200000)
  from space 54784K, 28% used [0x00000000fca80000,0x00000000fd99e478,0x0000000100000000)
  to   space 56320K, 0% used [0x00000000f9200000,0x00000000f9200000,0x00000000fc900000)
 ParOldGen       total 207872K, used 152114K [0x00000000a0000000, 0x00000000acb00000, 0x00000000e0000000)
  object space 207872K, 73% used [0x00000000a0000000,0x00000000a948c920,0x00000000acb00000)
 Metaspace       used 87134K, capacity 92236K, committed 92440K, reserved 1128448K
  class space    used 11540K, capacity 12547K, committed 12592K, reserved 1048576K
}
Event: 54.097 GC heap before
{Heap before GC invocations=28 (full 3):
 PSYoungGen      total 466432K, used 427129K [0x00000000e0000000, 0x0000000100000000, 0x0000000100000000)
  eden space 411648K, 100% used [0x00000000e0000000,0x00000000f9200000,0x00000000f9200000)
  from space 54784K, 28% used [0x00000000fca80000,0x00000000fd99e478,0x0000000100000000)
  to   space 56320K, 0% used [0x00000000f9200000,0x00000000f9200000,0x00000000fc900000)
 ParOldGen       total 207872K, used 152122K [0x00000000a0000000, 0x00000000acb00000, 0x00000000e0000000)
  object space 207872K, 73% used [0x00000000a0000000,0x00000000a948eb30,0x00000000acb00000)
 Metaspace       used 88678K, capacity 93764K, committed 93976K, reserved 1130496K
  class space    used 11735K, capacity 12747K, committed 12848K, reserved 1048576K
Event: 54.114 GC heap after
Heap after GC invocations=28 (full 3):
 PSYoungGen      total 467968K, used 10300K [0x00000000e0000000, 0x0000000100000000, 0x0000000100000000)
  eden space 411648K, 0% used [0x00000000e0000000,0x00000000e0000000,0x00000000f9200000)
  from space 56320K, 18% used [0x00000000f9200000,0x00000000f9c0f398,0x00000000fc900000)
  to   space 55808K, 0% used [0x00000000fc980000,0x00000000fc980000,0x0000000100000000)
 ParOldGen       total 207872K, used 164669K [0x00000000a0000000, 0x00000000acb00000, 0x00000000e0000000)
  object space 207872K, 79% used [0x00000000a0000000,0x00000000aa0cf6a0,0x00000000acb00000)
 Metaspace       used 88678K, capacity 93764K, committed 93976K, reserved 1130496K
  class space    used 11735K, capacity 12747K, committed 12848K, reserved 1048576K
}
Event: 55.295 GC heap before
{Heap before GC invocations=29 (full 3):
 PSYoungGen      total 467968K, used 421948K [0x00000000e0000000, 0x0000000100000000, 0x0000000100000000)
  eden space 411648K, 100% used [0x00000000e0000000,0x00000000f9200000,0x00000000f9200000)
  from space 56320K, 18% used [0x00000000f9200000,0x00000000f9c0f398,0x00000000fc900000)
  to   space 55808K, 0% used [0x00000000fc980000,0x00000000fc980000,0x0000000100000000)
 ParOldGen       total 207872K, used 164669K [0x00000000a0000000, 0x00000000acb00000, 0x00000000e0000000)
  object space 207872K, 79% used [0x00000000a0000000,0x00000000aa0cf6a0,0x00000000acb00000)
 Metaspace       used 91592K, capacity 96770K, committed 96920K, reserved 1132544K
  class space    used 12187K, capacity 13204K, committed 13232K, reserved 1048576K
Event: 55.309 GC heap after
Heap after GC invocations=29 (full 3):
 PSYoungGen      total 464384K, used 14653K [0x00000000e0000000, 0x00000000ffc80000, 0x0000000100000000)
  eden space 412160K, 0% used [0x00000000e0000000,0x00000000e0000000,0x00000000f9280000)
  from space 52224K, 28% used [0x00000000fc980000,0x00000000fd7cf730,0x00000000ffc80000)
  to   space 54272K, 0% used [0x00000000f9280000,0x00000000f9280000,0x00000000fc780000)
 ParOldGen       total 207872K, used 171378K [0x00000000a0000000, 0x00000000acb00000, 0x00000000e0000000)
  object space 207872K, 82% used [0x00000000a0000000,0x00000000aa75c950,0x00000000acb00000)
 Metaspace       used 91592K, capacity 96770K, committed 96920K, reserved 1132544K
  class space    used 12187K, capacity 13204K, committed 13232K, reserved 1048576K
}

