# JRE version: OpenJDK Runtime Environment (8.0_242-b01) (build 1.8.0_242-release-1644-b01)
# Java VM: OpenJDK 64-Bit Server VM (25.242-b01 mixed mode windows-amd64 compressed oops)
Heap:
 PSYoungGen      total 76288K, used 50420K [0x000000076b180000, 0x0000000770680000, 0x00000007c0000000)
  eden space 65536K, 76% used [0x000000076b180000,0x000000076e2bd108,0x000000076f180000)
  from space 10752K, 0% used [0x000000076fc00000,0x000000076fc00000,0x0000000770680000)
  to   space 10752K, 56% used [0x000000076f180000,0x000000076f76c2e0,0x000000076fc00000)
 ParOldGen       total 115712K, used 8745K [0x00000006c1400000, 0x00000006c8500000, 0x000000076b180000)
  object space 115712K, 7% used [0x00000006c1400000,0x00000006c1c8a448,0x00000006c8500000)
 Metaspace       used 27059K, capacity 27434K, committed 27648K, reserved 1077248K
  class space    used 3336K, capacity 3467K, committed 3584K, reserved 1048576K
GC Heap History (6 events):
Event: 1.162 GC heap before
{Heap before GC invocations=1 (full 0):
 PSYoungGen      total 76288K, used 65536K [0x000000076b180000, 0x0000000770680000, 0x00000007c0000000)
  eden space 65536K, 100% used [0x000000076b180000,0x000000076f180000,0x000000076f180000)
  from space 10752K, 0% used [0x000000076fc00000,0x000000076fc00000,0x0000000770680000)
  to   space 10752K, 0% used [0x000000076f180000,0x000000076f180000,0x000000076fc00000)
 ParOldGen       total 175104K, used 0K [0x00000006c1400000, 0x00000006cbf00000, 0x000000076b180000)
  object space 175104K, 0% used [0x00000006c1400000,0x00000006c1400000,0x00000006cbf00000)
 Metaspace       used 15976K, capacity 16278K, committed 16384K, reserved 1062912K
  class space    used 1887K, capacity 1983K, committed 2048K, reserved 1048576K
Event: 1.174 GC heap after
Heap after GC invocations=1 (full 0):
 PSYoungGen      total 76288K, used 10739K [0x000000076b180000, 0x0000000770680000, 0x00000007c0000000)
  eden space 65536K, 0% used [0x000000076b180000,0x000000076b180000,0x000000076f180000)
  from space 10752K, 99% used [0x000000076f180000,0x000000076fbfce10,0x000000076fc00000)
  to   space 10752K, 0% used [0x000000076fc00000,0x000000076fc00000,0x0000000770680000)
 ParOldGen       total 175104K, used 4790K [0x00000006c1400000, 0x00000006cbf00000, 0x000000076b180000)
  object space 175104K, 2% used [0x00000006c1400000,0x00000006c18ad928,0x00000006cbf00000)
 Metaspace       used 15976K, capacity 16278K, committed 16384K, reserved 1062912K
  class space    used 1887K, capacity 1983K, committed 2048K, reserved 1048576K
}
Event: 1.465 GC heap before
{Heap before GC invocations=2 (full 0):
 PSYoungGen      total 76288K, used 29813K [0x000000076b180000, 0x0000000770680000, 0x00000007c0000000)
  eden space 65536K, 29% used [0x000000076b180000,0x000000076c420978,0x000000076f180000)
  from space 10752K, 99% used [0x000000076f180000,0x000000076fbfce10,0x000000076fc00000)
  to   space 10752K, 0% used [0x000000076fc00000,0x000000076fc00000,0x0000000770680000)
 ParOldGen       total 175104K, used 4790K [0x00000006c1400000, 0x00000006cbf00000, 0x000000076b180000)
  object space 175104K, 2% used [0x00000006c1400000,0x00000006c18ad928,0x00000006cbf00000)
 Metaspace       used 20837K, capacity 21188K, committed 21296K, reserved 1069056K
  class space    used 2504K, capacity 2630K, committed 2688K, reserved 1048576K
Event: 1.472 GC heap after
Heap after GC invocations=2 (full 0):
 PSYoungGen      total 76288K, used 9078K [0x000000076b180000, 0x0000000770680000, 0x00000007c0000000)
  eden space 65536K, 0% used [0x000000076b180000,0x000000076b180000,0x000000076f180000)
  from space 10752K, 84% used [0x000000076fc00000,0x00000007704ddae8,0x0000000770680000)
  to   space 10752K, 0% used [0x000000076f180000,0x000000076f180000,0x000000076fc00000)
 ParOldGen       total 175104K, used 4862K [0x00000006c1400000, 0x00000006cbf00000, 0x000000076b180000)
  object space 175104K, 2% used [0x00000006c1400000,0x00000006c18bf938,0x00000006cbf00000)
 Metaspace       used 20837K, capacity 21188K, committed 21296K, reserved 1069056K
  class space    used 2504K, capacity 2630K, committed 2688K, reserved 1048576K
}
Event: 1.472 GC heap before
{Heap before GC invocations=3 (full 1):
 PSYoungGen      total 76288K, used 9078K [0x000000076b180000, 0x0000000770680000, 0x00000007c0000000)
  eden space 65536K, 0% used [0x000000076b180000,0x000000076b180000,0x000000076f180000)
  from space 10752K, 84% used [0x000000076fc00000,0x00000007704ddae8,0x0000000770680000)
  to   space 10752K, 0% used [0x000000076f180000,0x000000076f180000,0x000000076fc00000)
 ParOldGen       total 175104K, used 4862K [0x00000006c1400000, 0x00000006cbf00000, 0x000000076b180000)
  object space 175104K, 2% used [0x00000006c1400000,0x00000006c18bf938,0x00000006cbf00000)
 Metaspace       used 20837K, capacity 21188K, committed 21296K, reserved 1069056K
  class space    used 2504K, capacity 2630K, committed 2688K, reserved 1048576K
Event: 1.500 GC heap after
Heap after GC invocations=3 (full 1):
 PSYoungGen      total 76288K, used 0K [0x000000076b180000, 0x0000000770680000, 0x00000007c0000000)
  eden space 65536K, 0% used [0x000000076b180000,0x000000076b180000,0x000000076f180000)
  from space 10752K, 0% used [0x000000076fc00000,0x000000076fc00000,0x0000000770680000)
  to   space 10752K, 0% used [0x000000076f180000,0x000000076f180000,0x000000076fc00000)
 ParOldGen       total 115712K, used 8737K [0x00000006c1400000, 0x00000006c8500000, 0x000000076b180000)
  object space 115712K, 7% used [0x00000006c1400000,0x00000006c1c88448,0x00000006c8500000)
 Metaspace       used 20837K, capacity 21188K, committed 21296K, reserved 1069056K
  class space    used 2504K, capacity 2630K, committed 2688K, reserved 1048576K
}

